#
# A fatal error has been detected by the Java Runtime Environment:
#
#  EXCEPTION_ACCESS_VIOLATION (0xc0000005) at pc=0x00007ffd3dcc838b, pid=20200, tid=20576
#
# JRE version: OpenJDK Runtime Environment Temurin-21.0.6+7 (21.0.6+7) (build 21.0.6+7-LTS)
# Java VM: OpenJDK 64-Bit Server VM Temurin-21.0.6+7 (21.0.6+7-LTS, mixed mode, sharing, tiered, compressed oops, compressed class ptrs, parallel gc, windows-amd64)
# Problematic frame:
# V  [jvm.dll+0x5f838b]
#
# No core dump will be written. Minidumps are not enabled by default on client versions of Windows
#
# If you would like to submit a bug report, please visit:
#   https://github.com/adoptium/adoptium-support/issues
#

---------------  S U M M A R Y ------------

Command Line: --add-modules=ALL-SYSTEM --add-opens=java.base/java.util=ALL-UNNAMED --add-opens=java.base/java.lang=ALL-UNNAMED --add-opens=java.base/sun.nio.fs=ALL-UNNAMED -Declipse.application=org.eclipse.jdt.ls.core.id1 -Dosgi.bundles.defaultStartLevel=4 -Declipse.product=org.eclipse.jdt.ls.core.product -Djava.import.generatesMetadataFilesAtProjectRoot=false -DDetectVMInstallationsJob.disabled=true -Dfile.encoding=utf8 -XX:+UseParallelGC -XX:GCTimeRatio=4 -XX:AdaptiveSizePolicyWeight=90 -Dsun.zip.disableMemoryMapping=true -Xmx1G -Xms100m -Xlog:disable -javaagent:c:\Users\Sev\.vscode\extensions\redhat.java-1.40.0-win32-x64\lombok\lombok-1.18.36.jar -XX:+HeapDumpOnOutOfMemoryError -XX:HeapDumpPath=c:\Users\Sev\AppData\Roaming\Code\User\workspaceStorage\a883fd186e3dac3d63d4ce76da5857c8\redhat.java -Daether.dependencyCollector.impl=bf c:\Users\Sev\.vscode\extensions\redhat.java-1.40.0-win32-x64\server\plugins\org.eclipse.equinox.launcher_1.6.1000.v20250131-0606.jar -configuration c:\Users\Sev\AppData\Roaming\Code\User\globalStorage\redhat.java\1.40.0\config_win -data c:\Users\Sev\AppData\Roaming\Code\User\workspaceStorage\a883fd186e3dac3d63d4ce76da5857c8\redhat.java\jdt_ws --pipe=\\.\pipe\lsp-c35a015e29327d206ef26c5e545780d5-sock

Host: AMD Ryzen 9 6900HS with Radeon Graphics        , 16 cores, 15G,  Windows 11 , 64 bit Build 22621 (10.0.22621.4830)
Time: Sun Mar 23 16:46:21 2025 US Mountain Standard Time elapsed time: 491.550270 seconds (0d 0h 8m 11s)

---------------  T H R E A D  ---------------

Current thread (0x0000018aee5ba8b0):  JavaThread "C2 CompilerThread0" daemon [_thread_in_native, id=20576, stack(0x0000005b90a00000,0x0000005b90b00000) (1024K)]


Current CompileTask:
C2:491550 21387 % !   4       org.eclipse.jdt.internal.compiler.parser.AbstractCommentParser::commentParse @ 413 (2204 bytes)

Stack: [0x0000005b90a00000,0x0000005b90b00000],  sp=0x0000005b90afbf10,  free space=1007k
Native frames: (J=compiled Java code, j=interpreted, Vv=VM code, C=native code)
V  [jvm.dll+0x5f838b]
V  [jvm.dll+0x5f675e]
V  [jvm.dll+0x250bb2]
V  [jvm.dll+0x24908e]
V  [jvm.dll+0x246ec4]
V  [jvm.dll+0x1c75ee]
V  [jvm.dll+0x25685a]
V  [jvm.dll+0x254dfa]
V  [jvm.dll+0x3f0256]
V  [jvm.dll+0x851f8b]
V  [jvm.dll+0x6cc5ed]
C  [ucrtbase.dll+0x29333]
C  [KERNEL32.DLL+0x1259d]
C  [ntdll.dll+0x5af38]


siginfo: EXCEPTION_ACCESS_VIOLATION (0xc0000005), reading address 0x0000001800010000


Registers:
RAX=0x0000018af6b73b70, RBX=0x000000000000031f, RCX=0x0000001800010000, RDX=0x0000018aee844170
RSP=0x0000005b90afbf10, RBP=0x0000005b90afc2b0, RSI=0x0000018af8917420, RDI=0x00000000000000a8
R8 =0x0000018aee841590, R9 =0x00000000000000a8, R10=0x0000018af6b73aa0, R11=0x0000018af891d700
R12=0x0000001800010000, R13=0x0000000000004000, R14=0x0000000000000002, R15=0x0000000000000c5c
RIP=0x00007ffd3dcc838b, EFLAGS=0x0000000000010206

XMM[0]=0x0000000000000000 0x0000000000000000
XMM[1]=0x0000000000000000 0x0000000000000000
XMM[2]=0x0000000000000000 0x0000000000000000
XMM[3]=0x0000000000000000 0x0000000000000000
XMM[4]=0x0000000000000000 0x0000000000000000
XMM[5]=0x0000000000000000 0x0000000000000000
XMM[6]=0x0000000000000000 0x0000000000000000
XMM[7]=0x0000000000000000 0x0000000000000000
XMM[8]=0x0000000000000000 0x0000000000000000
XMM[9]=0x0000000000000000 0x0000000000000000
XMM[10]=0x0000000000000000 0x0000000000000000
XMM[11]=0x0000000000000000 0x0000000000000000
XMM[12]=0x0000000000000000 0x0000000000000000
XMM[13]=0x0000000000000000 0x0000000000000000
XMM[14]=0x0000000000000000 0x0000000000000000
XMM[15]=0x0000000000000000 0x0000000000000000
  MXCSR=0x00001fb2


Register to memory mapping:

RAX=0x0000018af6b73b70 points into unknown readable memory: 0x0000018afb093090 | 90 30 09 fb 8a 01 00 00
RBX=0x000000000000031f is an unknown value
RCX=0x0000001800010000 is an unknown value
RDX=0x0000018aee844170 points into unknown readable memory: 0x000000000000063e | 3e 06 00 00 00 00 00 00
RSP=0x0000005b90afbf10 is pointing into the stack for thread: 0x0000018aee5ba8b0
RBP=0x0000005b90afc2b0 is pointing into the stack for thread: 0x0000018aee5ba8b0
RSI=0x0000018af8917420 points into unknown readable memory: 0x0000018af8e1cdb0 | b0 cd e1 f8 8a 01 00 00
RDI=0x00000000000000a8 is an unknown value
R8 =0x0000018aee841590 points into unknown readable memory: 0x0000000000000002 | 02 00 00 00 00 00 00 00
R9 =0x00000000000000a8 is an unknown value
R10=0x0000018af6b73aa0 points into unknown readable memory: 0x00007ffd3e0b6320 | 20 63 0b 3e fd 7f 00 00
R11=0x0000018af891d700 points into unknown readable memory: 0x0000018aee8414f8 | f8 14 84 ee 8a 01 00 00
R12=0x0000001800010000 is an unknown value
R13=0x0000000000004000 is an unknown value
R14=0x0000000000000002 is an unknown value
R15=0x0000000000000c5c is an unknown value

Top of Stack: (sp=0x0000005b90afbf10)
0x0000005b90afbf10:   000000000000031d 0000018afb0934f8
0x0000005b90afbf20:   0000005b0000031d 0000018aee8414f8
0x0000005b90afbf30:   0000000000000002 0000000000000000
0x0000005b90afbf40:   0000000000000002 0000018aee5bb4a0
0x0000005b90afbf50:   0000000000000002 0000005b90afc2b0
0x0000005b90afbf60:   0000018aee8410b0 0000005b90afc080
0x0000005b90afbf70:   0000018aee8414f8 00007ffd3dcc675e
0x0000005b90afbf80:   0000005b90afc2b0 0000018a0000031f
0x0000005b90afbf90:   0000018a000000a8 0000018af6b73aa0
0x0000005b90afbfa0:   0000000000000f90 0000018afc7051f0
0x0000005b90afbfb0:   0000000000000f90 00007ffda90b48e2
0x0000005b90afbfc0:   0000018afc7051e0 0000018afbe40000
0x0000005b90afbfd0:   0000018a00000002 0000018aee8414f0
0x0000005b90afbfe0:   0000018a00000002 0000018aee5af620
0x0000005b90afbff0:   0000018a0c00000c 00007ffdb4000fbb
0x0000005b90afc000:   0000018afc5c6ac0 0000018afc7051e0
0x0000005b90afc010:   0000018ad67c0000 0000018af87c0100
0x0000005b90afc020:   0000000000000f90 00007ffda90b4fa9
0x0000005b90afc030:   0000018ad67c0000 0000005b90afc090
0x0000005b90afc040:   0000018afc705100 0000018afc7051e0
0x0000005b90afc050:   00000000f708ff00 000000000000008e
0x0000005b90afc060:   0000018a02000002 00007ffda90ad249
0x0000005b90afc070:   0000018a12001002 0000018a00000002
0x0000005b90afc080:   0000000000000000 0000000000007ff0
0x0000005b90afc090:   0000018afc5c6ac0 0000000000000001
0x0000005b90afc0a0:   0000018ad67c0000 0000018af87c0110
0x0000005b90afc0b0:   0000000000000400 0000018afc7051e0
0x0000005b90afc0c0:   0000018afc7051e0 00007ffda90a9c18
0x0000005b90afc0d0:   0000018ad67c0000 0000018ad67c0000
0x0000005b90afc0e0:   0000000000000f90 00007ffda6739fde
0x0000005b90afc0f0:   0000018a000000a3 00000000000000a3
0x0000005b90afc100:   0000018ad67c0000 0000000000000002 

Instructions: (pc=0x00007ffd3dcc838b)
0x00007ffd3dcc828b:   01 01 01 01 01 01 01 01 01 01 01 01 01 01 00 00
0x00007ffd3dcc829b:   00 cc cc cc cc 48 89 4c 24 08 53 55 56 57 41 54
0x00007ffd3dcc82ab:   41 55 41 56 41 57 48 83 ec 28 48 8b 41 10 48 8b
0x00007ffd3dcc82bb:   e9 ba 08 00 00 00 44 8b b8 50 02 00 00 44 2b b8
0x00007ffd3dcc82cb:   78 02 00 00 41 d1 ef 41 8b cf e8 36 67 da ff 48
0x00007ffd3dcc82db:   8b f0 45 85 ff 74 1e 45 8b c7 33 d2 49 c1 e0 03
0x00007ffd3dcc82eb:   48 8b c8 e8 3f fe 34 00 48 8b 45 10 48 8b 98 e0
0x00007ffd3dcc82fb:   02 00 00 eb 24 48 8b 45 10 48 8b 98 e0 02 00 00
0x00007ffd3dcc830b:   45 85 ff 75 14 b9 01 00 00 00 41 8d 57 08 44 8b
0x00007ffd3dcc831b:   f9 e8 ef 66 da ff 48 8b f0 bf 01 00 00 00 48 89
0x00007ffd3dcc832b:   1e 8b df 89 bc 24 80 00 00 00 89 5c 24 78 44 8b
0x00007ffd3dcc833b:   cb 0f 1f 40 00 48 63 c7 4c 8b 54 c6 f8 48 8b 45
0x00007ffd3dcc834b:   48 4c 89 94 24 88 00 00 00 41 8b 4a 28 48 8d 14
0x00007ffd3dcc835b:   88 8b 04 88 85 c0 0f 85 79 01 00 00 8d 04 1b 89
0x00007ffd3dcc836b:   02 41 8b 42 20 83 e8 01 4c 63 e8 0f 88 59 01 00
0x00007ffd3dcc837b:   00 0f 1f 40 00 49 8b 42 10 4e 8b 24 e8 49 8b cc
0x00007ffd3dcc838b:   49 8b 04 24 ff 50 10 84 c0 0f 84 29 01 00 00 4c
0x00007ffd3dcc839b:   8b 45 48 41 8b 44 24 28 41 83 3c 80 00 0f 85 15
0x00007ffd3dcc83ab:   01 00 00 49 8b 4c 24 10 41 8b 44 24 20 48 8d 14
0x00007ffd3dcc83bb:   c1 48 3b ca 0f 83 fe 00 00 00 66 66 66 0f 1f 84
0x00007ffd3dcc83cb:   00 00 00 00 00 48 8b 01 8b 40 28 41 8b 04 80 85
0x00007ffd3dcc83db:   c0 74 0a a8 01 75 06 d1 e8 3b c3 7c 0e 48 83 c1
0x00007ffd3dcc83eb:   08 48 3b ca 72 df e9 cd 00 00 00 8d 6f 01 41 3b
0x00007ffd3dcc83fb:   ff 0f 85 b3 00 00 00 85 ed 7e 09 85 ef 75 05 44
0x00007ffd3dcc840b:   8b fd eb 0e 0f bd cd 41 bf 01 00 00 00 ff c1 41
0x00007ffd3dcc841b:   d3 e7 ba 08 00 00 00 41 8b cf e8 e6 65 da ff 33
0x00007ffd3dcc842b:   d2 33 db 4c 8b f0 85 ff 7e 5c 83 ff 02 72 32 8d
0x00007ffd3dcc843b:   4d fe 4c 63 c1 4a 8d 04 c0 4a 8d 0c c6 48 3b f0
0x00007ffd3dcc844b:   77 05 49 3b ce 73 1a 4c 63 c7 48 8b d6 49 c1 e0
0x00007ffd3dcc845b:   03 49 8b ce e8 bc fc 34 00 ff c3 3b df 7c fa eb
0x00007ffd3dcc846b:   25 8b c7 49 8d 0c d6 2b c3 49 2b f6 8b d0 03 d8
0x00007ffd3dcc847b:   0f 1f 44 00 00 48 8b 04 0e 48 89 01 48 8d 49 08 


Stack slot to memory mapping:

stack at sp + 0 slots: 0x000000000000031d is an unknown value
stack at sp + 1 slots: 0x0000018afb0934f8 points into unknown readable memory: 0x00007ffd3e0b6250 | 50 62 0b 3e fd 7f 00 00
stack at sp + 2 slots: 0x0000005b0000031d is an unknown value
stack at sp + 3 slots: 0x0000018aee8414f8 points into unknown readable memory: 0x0000000000000000 | 00 00 00 00 00 00 00 00
stack at sp + 4 slots: 0x0000000000000002 is an unknown value
stack at sp + 5 slots: 0x0 is null
stack at sp + 6 slots: 0x0000000000000002 is an unknown value
stack at sp + 7 slots: 0x0000018aee5bb4a0 points into unknown readable memory: 0x0000018aee5ba8b0 | b0 a8 5b ee 8a 01 00 00


---------------  P R O C E S S  ---------------

Threads class SMR info:
_java_thread_list=0x0000018afa1dc9c0, length=59, elements={
0x0000018ad8aee540, 0x0000018aee5a83d0, 0x0000018aecedd2f0, 0x0000018aee5b0060,
0x0000018aee5b09f0, 0x0000018aee5b1ae0, 0x0000018aee5b61c0, 0x0000018aee5ba8b0,
0x0000018aee5bb6d0, 0x0000018aee782410, 0x0000018aee7816f0, 0x0000018aee780340,
0x0000018aee77f620, 0x0000018aee7809d0, 0x0000018aee781060, 0x0000018aee77fcb0,
0x0000018aee781d80, 0x0000018af416d5f0, 0x0000018af4170a70, 0x0000018af41724b0,
0x0000018af4171790, 0x0000018af416c8d0, 0x0000018af4171100, 0x0000018af416cf60,
0x0000018af4171e20, 0x0000018af41731d0, 0x0000018af416e310, 0x0000018af416e9a0,
0x0000018af416fd50, 0x0000018af416f030, 0x0000018af648a400, 0x0000018af64889c0,
0x0000018af6489050, 0x0000018af6486260, 0x0000018af6487ca0, 0x0000018af648b7b0,
0x0000018af64896e0, 0x0000018af6488330, 0x0000018af64868f0, 0x0000018af648b120,
0x0000018af648be40, 0x0000018af6489d70, 0x0000018afb1f19c0, 0x0000018afb1f4e40,
0x0000018afb1ee540, 0x0000018afb1eff80, 0x0000018afb1f1330, 0x0000018afddbe500,
0x0000018afddc0c60, 0x0000018af41703e0, 0x0000018af91a6ee0, 0x0000018af91a8fb0,
0x0000018af91a7c00, 0x0000018af91a54a0, 0x0000018af91acac0, 0x0000018af91a5b30,
0x0000018af91a61c0, 0x0000018af6edd780, 0x0000018af6edde50
}

Java Threads: ( => current thread )
  0x0000018ad8aee540 JavaThread "main"                              [_thread_blocked, id=20444, stack(0x0000005b90000000,0x0000005b90100000) (1024K)]
  0x0000018aee5a83d0 JavaThread "Reference Handler"          daemon [_thread_blocked, id=20552, stack(0x0000005b90400000,0x0000005b90500000) (1024K)]
  0x0000018aecedd2f0 JavaThread "Finalizer"                  daemon [_thread_blocked, id=20556, stack(0x0000005b90500000,0x0000005b90600000) (1024K)]
  0x0000018aee5b0060 JavaThread "Signal Dispatcher"          daemon [_thread_blocked, id=20560, stack(0x0000005b90600000,0x0000005b90700000) (1024K)]
  0x0000018aee5b09f0 JavaThread "Attach Listener"            daemon [_thread_blocked, id=20564, stack(0x0000005b90700000,0x0000005b90800000) (1024K)]
  0x0000018aee5b1ae0 JavaThread "Service Thread"             daemon [_thread_blocked, id=20568, stack(0x0000005b90800000,0x0000005b90900000) (1024K)]
  0x0000018aee5b61c0 JavaThread "Monitor Deflation Thread"   daemon [_thread_blocked, id=20572, stack(0x0000005b90900000,0x0000005b90a00000) (1024K)]
=>0x0000018aee5ba8b0 JavaThread "C2 CompilerThread0"         daemon [_thread_in_native, id=20576, stack(0x0000005b90a00000,0x0000005b90b00000) (1024K)]
  0x0000018aee5bb6d0 JavaThread "C1 CompilerThread0"         daemon [_thread_blocked, id=20580, stack(0x0000005b90b00000,0x0000005b90c00000) (1024K)]
  0x0000018aee782410 JavaThread "Common-Cleaner"             daemon [_thread_blocked, id=20588, stack(0x0000005b90d00000,0x0000005b90e00000) (1024K)]
  0x0000018aee7816f0 JavaThread "Notification Thread"        daemon [_thread_blocked, id=20880, stack(0x0000005b91100000,0x0000005b91200000) (1024K)]
  0x0000018aee780340 JavaThread "Active Thread: Equinox Container: e0d5b75c-2ed3-4e8c-8409-0590f0a8c670"        [_thread_blocked, id=13632, stack(0x0000005b91900000,0x0000005b91a00000) (1024K)]
  0x0000018aee77f620 JavaThread "Refresh Thread: Equinox Container: e0d5b75c-2ed3-4e8c-8409-0590f0a8c670" daemon [_thread_blocked, id=20656, stack(0x0000005b91800000,0x0000005b91900000) (1024K)]
  0x0000018aee7809d0 JavaThread "Framework Event Dispatcher: Equinox Container: e0d5b75c-2ed3-4e8c-8409-0590f0a8c670" daemon [_thread_blocked, id=21660, stack(0x0000005b91a00000,0x0000005b91b00000) (1024K)]
  0x0000018aee781060 JavaThread "Start Level: Equinox Container: e0d5b75c-2ed3-4e8c-8409-0590f0a8c670" daemon [_thread_blocked, id=21608, stack(0x0000005b91b00000,0x0000005b91c00000) (1024K)]
  0x0000018aee77fcb0 JavaThread "Bundle File Closer"         daemon [_thread_blocked, id=9640, stack(0x0000005b90f00000,0x0000005b91000000) (1024K)]
  0x0000018aee781d80 JavaThread "SCR Component Actor"        daemon [_thread_blocked, id=20400, stack(0x0000005b91c00000,0x0000005b91d00000) (1024K)]
  0x0000018af416d5f0 JavaThread "Worker-JM"                         [_thread_blocked, id=17456, stack(0x0000005b92600000,0x0000005b92700000) (1024K)]
  0x0000018af4170a70 JavaThread "JNA Cleaner"                daemon [_thread_blocked, id=20504, stack(0x0000005b92700000,0x0000005b92800000) (1024K)]
  0x0000018af41724b0 JavaThread "Worker-1"                          [_thread_blocked, id=15016, stack(0x0000005b92900000,0x0000005b92a00000) (1024K)]
  0x0000018af4171790 JavaThread "Java indexing"              daemon [_thread_blocked, id=22004, stack(0x0000005b92b00000,0x0000005b92c00000) (1024K)]
  0x0000018af416c8d0 JavaThread "Worker-6"                          [_thread_blocked, id=21288, stack(0x0000005b93100000,0x0000005b93200000) (1024K)]
  0x0000018af4171100 JavaThread "Thread-2"                   daemon [_thread_in_native, id=19500, stack(0x0000005b93200000,0x0000005b93300000) (1024K)]
  0x0000018af416cf60 JavaThread "Thread-3"                   daemon [_thread_in_native, id=20728, stack(0x0000005b93300000,0x0000005b93400000) (1024K)]
  0x0000018af4171e20 JavaThread "Thread-4"                   daemon [_thread_in_native, id=21316, stack(0x0000005b93400000,0x0000005b93500000) (1024K)]
  0x0000018af41731d0 JavaThread "Thread-5"                   daemon [_thread_in_native, id=20836, stack(0x0000005b93500000,0x0000005b93600000) (1024K)]
  0x0000018af416e310 JavaThread "Thread-6"                   daemon [_thread_in_native, id=21132, stack(0x0000005b93600000,0x0000005b93700000) (1024K)]
  0x0000018af416e9a0 JavaThread "Thread-7"                   daemon [_thread_in_native, id=18348, stack(0x0000005b93700000,0x0000005b93800000) (1024K)]
  0x0000018af416fd50 JavaThread "Thread-8"                   daemon [_thread_in_native, id=21088, stack(0x0000005b93800000,0x0000005b93900000) (1024K)]
  0x0000018af416f030 JavaThread "Thread-9"                   daemon [_thread_in_native, id=8716, stack(0x0000005b93900000,0x0000005b93a00000) (1024K)]
  0x0000018af648a400 JavaThread "Thread-10"                  daemon [_thread_in_native, id=8860, stack(0x0000005b93a00000,0x0000005b93b00000) (1024K)]
  0x0000018af64889c0 JavaThread "Thread-11"                  daemon [_thread_in_native, id=21280, stack(0x0000005b93b00000,0x0000005b93c00000) (1024K)]
  0x0000018af6489050 JavaThread "Thread-12"                  daemon [_thread_in_native, id=12424, stack(0x0000005b93c00000,0x0000005b93d00000) (1024K)]
  0x0000018af6486260 JavaThread "Thread-13"                  daemon [_thread_in_native, id=20628, stack(0x0000005b93d00000,0x0000005b93e00000) (1024K)]
  0x0000018af6487ca0 JavaThread "Thread-14"                  daemon [_thread_in_native, id=20348, stack(0x0000005b93e00000,0x0000005b93f00000) (1024K)]
  0x0000018af648b7b0 JavaThread "Thread-15"                  daemon [_thread_in_native, id=10360, stack(0x0000005b93f00000,0x0000005b94000000) (1024K)]
  0x0000018af64896e0 JavaThread "Thread-16"                  daemon [_thread_in_native, id=8644, stack(0x0000005b94000000,0x0000005b94100000) (1024K)]
  0x0000018af6488330 JavaThread "Thread-17"                  daemon [_thread_in_native, id=19340, stack(0x0000005b94100000,0x0000005b94200000) (1024K)]
  0x0000018af64868f0 JavaThread "Thread-18"                  daemon [_thread_in_native, id=20208, stack(0x0000005b94200000,0x0000005b94300000) (1024K)]
  0x0000018af648b120 JavaThread "pool-2-thread-1"                   [_thread_blocked, id=20308, stack(0x0000005b94400000,0x0000005b94500000) (1024K)]
  0x0000018af648be40 JavaThread "WorkspaceEventsHandler"            [_thread_blocked, id=21860, stack(0x0000005b94600000,0x0000005b94700000) (1024K)]
  0x0000018af6489d70 JavaThread "pool-1-thread-1"                   [_thread_blocked, id=22892, stack(0x0000005b94700000,0x0000005b94800000) (1024K)]
  0x0000018afb1f19c0 JavaThread "ForkJoinPool.commonPool-worker-1" daemon [_thread_blocked, id=23592, stack(0x0000005b96700000,0x0000005b96800000) (1024K)]
  0x0000018afb1f4e40 JavaThread "ForkJoinPool.commonPool-worker-2" daemon [_thread_blocked, id=23596, stack(0x0000005b96800000,0x0000005b96900000) (1024K)]
  0x0000018afb1ee540 JavaThread "ForkJoinPool.commonPool-worker-3" daemon [_thread_blocked, id=23600, stack(0x0000005b96900000,0x0000005b96a00000) (1024K)]
  0x0000018afb1eff80 JavaThread "ForkJoinPool.commonPool-worker-4" daemon [_thread_blocked, id=23604, stack(0x0000005b96a00000,0x0000005b96b00000) (1024K)]
  0x0000018afb1f1330 JavaThread "ForkJoinPool.commonPool-worker-5" daemon [_thread_blocked, id=23608, stack(0x0000005b96b00000,0x0000005b96c00000) (1024K)]
  0x0000018afddbe500 JavaThread "Cleaner-0"                  daemon [_thread_blocked, id=23996, stack(0x0000005b91e00000,0x0000005b91f00000) (1024K)]
  0x0000018afddc0c60 JavaThread "ForkJoinPool.commonPool-worker-6" daemon [_thread_blocked, id=4960, stack(0x0000005b8ff00000,0x0000005b90000000) (1024K)]
  0x0000018af41703e0 JavaThread "ForkJoinPool.commonPool-worker-7" daemon [_thread_blocked, id=24680, stack(0x0000005b92800000,0x0000005b92900000) (1024K)]
  0x0000018af91a6ee0 JavaThread "Worker-8"                          [_thread_blocked, id=3632, stack(0x0000005b8fe00000,0x0000005b8ff00000) (1024K)]
  0x0000018af91a8fb0 JavaThread "Compiler Source File Reader" daemon [_thread_blocked, id=20748, stack(0x0000005b92000000,0x0000005b92100000) (1024K)]
  0x0000018af91a7c00 JavaThread "Compiler Source File Reader" daemon [_thread_blocked, id=26304, stack(0x0000005b91f00000,0x0000005b92000000) (1024K)]
  0x0000018af91a54a0 JavaThread "Java Debug Server"          daemon [_thread_in_native, id=26880, stack(0x0000005b91d00000,0x0000005b91e00000) (1024K)]
  0x0000018af91acac0 JavaThread "RxSchedulerPurge-1"         daemon [_thread_blocked, id=26888, stack(0x0000005b92a00000,0x0000005b92b00000) (1024K)]
  0x0000018af91a5b30 JavaThread "RxCachedWorkerPoolEvictor-1" daemon [_thread_blocked, id=26892, stack(0x0000005b92c00000,0x0000005b92d00000) (1024K)]
  0x0000018af91a61c0 JavaThread "pool-1-thread-3"                   [_thread_in_native, id=27448, stack(0x0000005b94800000,0x0000005b94900000) (1024K)]
  0x0000018af6edd780 JavaThread "C1 CompilerThread1"         daemon [_thread_blocked, id=26660, stack(0x0000005b92100000,0x0000005b92200000) (1024K)]
  0x0000018af6edde50 JavaThread "C2 CompilerThread1"         daemon [_thread_in_native, id=27156, stack(0x0000005b92200000,0x0000005b92300000) (1024K)]
Total: 59

Other Threads:
  0x0000018aecec3c90 VMThread "VM Thread"                           [id=20528, stack(0x0000005b90300000,0x0000005b90400000) (1024K)]
  0x0000018aecdbc8d0 WatcherThread "VM Periodic Task Thread"        [id=20520, stack(0x0000005b90200000,0x0000005b90300000) (1024K)]
  0x0000018ad8b0d890 WorkerThread "GC Thread#0"                     [id=20496, stack(0x0000005b90100000,0x0000005b90200000) (1024K)]
  0x0000018af476c730 WorkerThread "GC Thread#1"                     [id=22176, stack(0x0000005b91300000,0x0000005b91400000) (1024K)]
  0x0000018af401ac50 WorkerThread "GC Thread#2"                     [id=5084, stack(0x0000005b91400000,0x0000005b91500000) (1024K)]
  0x0000018af476cad0 WorkerThread "GC Thread#3"                     [id=16552, stack(0x0000005b91500000,0x0000005b91600000) (1024K)]
  0x0000018af476ce70 WorkerThread "GC Thread#4"                     [id=7108, stack(0x0000005b91600000,0x0000005b91700000) (1024K)]
  0x0000018af42a3840 WorkerThread "GC Thread#5"                     [id=17732, stack(0x0000005b91700000,0x0000005b91800000) (1024K)]
  0x0000018af42a3f80 WorkerThread "GC Thread#6"                     [id=20688, stack(0x0000005b90e00000,0x0000005b90f00000) (1024K)]
  0x0000018af42a4320 WorkerThread "GC Thread#7"                     [id=20928, stack(0x0000005b91200000,0x0000005b91300000) (1024K)]
  0x0000018af42a34a0 WorkerThread "GC Thread#8"                     [id=6568, stack(0x0000005b90c00000,0x0000005b90d00000) (1024K)]
  0x0000018af42a3be0 WorkerThread "GC Thread#9"                     [id=20424, stack(0x0000005b91000000,0x0000005b91100000) (1024K)]
  0x0000018af469e7d0 WorkerThread "GC Thread#10"                    [id=21200, stack(0x0000005b92300000,0x0000005b92400000) (1024K)]
  0x0000018af469fd90 WorkerThread "GC Thread#11"                    [id=21172, stack(0x0000005b92400000,0x0000005b92500000) (1024K)]
  0x0000018af469eb70 WorkerThread "GC Thread#12"                    [id=2336, stack(0x0000005b92500000,0x0000005b92600000) (1024K)]
Total: 15

Threads with active compile tasks:
C2 CompilerThread0  491727 21387 % !   4       org.eclipse.jdt.internal.compiler.parser.AbstractCommentParser::commentParse @ 413 (2204 bytes)
C2 CompilerThread1  491727 21388   !   4       org.eclipse.jdt.internal.core.SearchableEnvironment::hasSubPackageInUnnamedModule (132 bytes)
Total: 2

VM state: not at safepoint (normal execution)

VM Mutex/Monitor currently owned by a thread: None

Heap address: 0x00000000c0000000, size: 1024 MB, Compressed Oops mode: 32-bit

CDS archive(s) mapped at: [0x0000018a80000000-0x0000018a80ba0000-0x0000018a80ba0000), size 12189696, SharedBaseAddress: 0x0000018a80000000, ArchiveRelocationMode: 1.
Compressed class space mapped at: 0x0000018a81000000-0x0000018ac1000000, reserved size: 1073741824
Narrow klass base: 0x0000018a80000000, Narrow klass shift: 0, Narrow klass range: 0x100000000

GC Precious Log:
 CardTable entry size: 512
 CPUs: 16 total, 16 available
 Memory: 15596M
 Large Page Support: Disabled
 NUMA Support: Disabled
 Compressed Oops: Enabled (32-bit)
 Alignments: Space 512K, Generation 512K, Heap 2M
 Heap Min Capacity: 100M
 Heap Initial Capacity: 100M
 Heap Max Capacity: 1G
 Pre-touch: Disabled
 Parallel Workers: 13

Heap:
 PSYoungGen      total 8192K, used 3212K [0x00000000eab00000, 0x00000000eb400000, 0x0000000100000000)
  eden space 7680K, 39% used [0x00000000eab00000,0x00000000eadfb218,0x00000000eb280000)
  from space 512K, 31% used [0x00000000eb380000,0x00000000eb3a8000,0x00000000eb400000)
  to   space 512K, 0% used [0x00000000eb300000,0x00000000eb300000,0x00000000eb380000)
 ParOldGen       total 647680K, used 647203K [0x00000000c0000000, 0x00000000e7880000, 0x00000000eab00000)
  object space 647680K, 99% used [0x00000000c0000000,0x00000000e7808ed8,0x00000000e7880000)
 Metaspace       used 81057K, committed 82752K, reserved 1179648K
  class space    used 8109K, committed 8832K, reserved 1048576K

Card table byte_map: [0x0000018ad8490000,0x0000018ad86a0000] _byte_map_base: 0x0000018ad7e90000

Marking Bits: (ParMarkBitMap*) 0x00007ffd3e383260
 Begin Bits: [0x0000018aeace0000, 0x0000018aebce0000)
 End Bits:   [0x0000018aebce0000, 0x0000018aecce0000)

Polling page: 0x0000018ad6ad0000

Metaspace:

Usage:
  Non-class:     71.24 MB used.
      Class:      7.92 MB used.
       Both:     79.16 MB used.

Virtual space:
  Non-class space:      128.00 MB reserved,      72.19 MB ( 56%) committed,  2 nodes.
      Class space:        1.00 GB reserved,       8.62 MB ( <1%) committed,  1 nodes.
             Both:        1.12 GB reserved,      80.81 MB (  7%) committed. 

Chunk freelists:
   Non-Class:  7.08 MB
       Class:  7.19 MB
        Both:  14.27 MB

MaxMetaspaceSize: unlimited
CompressedClassSpaceSize: 1.00 GB
Initial GC threshold: 21.00 MB
Current GC threshold: 119.94 MB
CDS: on
 - commit_granule_bytes: 65536.
 - commit_granule_words: 8192.
 - virtual_space_node_default_size: 8388608.
 - enlarge_chunks_in_place: 1.
 - use_allocation_guard: 0.


Internal statistics:

num_allocs_failed_limit: 9.
num_arena_births: 1576.
num_arena_deaths: 14.
num_vsnodes_births: 3.
num_vsnodes_deaths: 0.
num_space_committed: 1293.
num_space_uncommitted: 0.
num_chunks_returned_to_freelist: 23.
num_chunks_taken_from_freelist: 5790.
num_chunk_merges: 15.
num_chunk_splits: 3391.
num_chunks_enlarged: 1704.
num_inconsistent_stats: 0.

CodeHeap 'non-profiled nmethods': size=119168Kb used=24356Kb max_used=24356Kb free=94811Kb
 bounds [0x0000018ae3880000, 0x0000018ae5050000, 0x0000018aeace0000]
CodeHeap 'profiled nmethods': size=119104Kb used=49012Kb max_used=49012Kb free=70091Kb
 bounds [0x0000018adbce0000, 0x0000018adecc0000, 0x0000018ae3130000]
CodeHeap 'non-nmethods': size=7488Kb used=2054Kb max_used=3261Kb free=5433Kb
 bounds [0x0000018ae3130000, 0x0000018ae3480000, 0x0000018ae3880000]
 total_blobs=20508 nmethods=19695 adapters=714
 compilation: enabled
              stopped_count=0, restarted_count=0
 full_count=0

Compilation events (20 events):
Event: 491.319 Thread 0x0000018af6edd780 nmethod 21383 0x0000018adeca5410 code [0x0000018adeca55c0, 0x0000018adeca57b0]
Event: 491.319 Thread 0x0000018aee5bb6d0 nmethod 21384 0x0000018adeca5890 code [0x0000018adeca5ac0, 0x0000018adeca6208]
Event: 491.337 Thread 0x0000018aee5ba8b0 nmethod 21379 0x0000018ae5043890 code [0x0000018ae5043b20, 0x0000018ae5044a70]
Event: 491.413 Thread 0x0000018aee5bb6d0 21385       1       org.eclipse.lsp4j.WorkspaceClientCapabilities::getWorkspaceEdit (5 bytes)
Event: 491.413 Thread 0x0000018aee5bb6d0 nmethod 21385 0x0000018ae5045590 code [0x0000018ae5045720, 0x0000018ae50457e8]
Event: 491.414 Thread 0x0000018aee5bb6d0 21386       3       org.eclipse.jdt.internal.compiler.parser.AbstractCommentParser::parseQualifiedName (1063 bytes)
Event: 491.414 Thread 0x0000018aee5ba8b0 21387 % !   4       org.eclipse.jdt.internal.compiler.parser.AbstractCommentParser::commentParse @ 413 (2204 bytes)
Event: 491.417 Thread 0x0000018aee5bb6d0 nmethod 21386 0x0000018adeca6590 code [0x0000018adeca6980, 0x0000018adeca9450]
Event: 491.471 Thread 0x0000018af6edd780 21389       3       org.eclipse.jdt.internal.core.nd.java.model.BinaryTypeFactory::createDescriptor (21 bytes)
Event: 491.471 Thread 0x0000018aee5bb6d0 21390       3       org.eclipse.jdt.internal.core.nd.java.model.BinaryTypeFactory::createDescriptor (219 bytes)
Event: 491.471 Thread 0x0000018af6edd780 nmethod 21389 0x0000018adeca9d10 code [0x0000018adeca9ee0, 0x0000018adecaa398]
Event: 491.471 Thread 0x0000018af6edd780 21391       3       org.eclipse.jdt.internal.core.nd.util.CharArrayUtils::concat (87 bytes)
Event: 491.472 Thread 0x0000018af6edd780 nmethod 21391 0x0000018adecaa510 code [0x0000018adecaa720, 0x0000018adecaac40]
Event: 491.472 Thread 0x0000018af6edd780 21392       3       org.eclipse.jdt.internal.core.nd.java.model.BinaryTypeDescriptor::<init> (26 bytes)
Event: 491.472 Thread 0x0000018af6edd780 nmethod 21392 0x0000018adecaae90 code [0x0000018adecab040, 0x0000018adecab1f8]
Event: 491.476 Thread 0x0000018aee5bb6d0 nmethod 21390 0x0000018adecab290 code [0x0000018adecabc40, 0x0000018adecb19d0]
Event: 491.517 Thread 0x0000018aee5bb6d0 21395       3       java.lang.Character::isSpaceChar (19 bytes)
Event: 491.517 Thread 0x0000018af6edd780 21396       3       java.lang.Character::isISOControl (25 bytes)
Event: 491.517 Thread 0x0000018af6edd780 nmethod 21396 0x0000018adecb3a10 code [0x0000018adecb3bc0, 0x0000018adecb3d60]
Event: 491.517 Thread 0x0000018aee5bb6d0 nmethod 21395 0x0000018adecb3e10 code [0x0000018adecb3fe0, 0x0000018adecb4288]

GC Heap History (20 events):
Event: 491.296 GC heap before
{Heap before GC invocations=1433 (full 4):
 PSYoungGen      total 8192K, used 7813K [0x00000000eab00000, 0x00000000eb400000, 0x0000000100000000)
  eden space 7680K, 99% used [0x00000000eab00000,0x00000000eb2795c0,0x00000000eb280000)
  from space 512K, 31% used [0x00000000eb380000,0x00000000eb3a8000,0x00000000eb400000)
  to   space 512K, 0% used [0x00000000eb300000,0x00000000eb300000,0x00000000eb380000)
 ParOldGen       total 641024K, used 640981K [0x00000000c0000000, 0x00000000e7200000, 0x00000000eab00000)
  object space 641024K, 99% used [0x00000000c0000000,0x00000000e71f5728,0x00000000e7200000)
 Metaspace       used 81033K, committed 82752K, reserved 1179648K
  class space    used 8109K, committed 8832K, reserved 1048576K
}
Event: 491.299 GC heap after
{Heap after GC invocations=1433 (full 4):
 PSYoungGen      total 8192K, used 160K [0x00000000eab00000, 0x00000000eb400000, 0x0000000100000000)
  eden space 7680K, 0% used [0x00000000eab00000,0x00000000eab00000,0x00000000eb280000)
  from space 512K, 31% used [0x00000000eb300000,0x00000000eb328000,0x00000000eb380000)
  to   space 512K, 0% used [0x00000000eb380000,0x00000000eb380000,0x00000000eb400000)
 ParOldGen       total 641024K, used 640981K [0x00000000c0000000, 0x00000000e7200000, 0x00000000eab00000)
  object space 641024K, 99% used [0x00000000c0000000,0x00000000e71f5728,0x00000000e7200000)
 Metaspace       used 81033K, committed 82752K, reserved 1179648K
  class space    used 8109K, committed 8832K, reserved 1048576K
}
Event: 491.310 GC heap before
{Heap before GC invocations=1434 (full 4):
 PSYoungGen      total 8192K, used 7840K [0x00000000eab00000, 0x00000000eb400000, 0x0000000100000000)
  eden space 7680K, 100% used [0x00000000eab00000,0x00000000eb280000,0x00000000eb280000)
  from space 512K, 31% used [0x00000000eb300000,0x00000000eb328000,0x00000000eb380000)
  to   space 512K, 0% used [0x00000000eb380000,0x00000000eb380000,0x00000000eb400000)
 ParOldGen       total 641024K, used 640981K [0x00000000c0000000, 0x00000000e7200000, 0x00000000eab00000)
  object space 641024K, 99% used [0x00000000c0000000,0x00000000e71f5728,0x00000000e7200000)
 Metaspace       used 81034K, committed 82752K, reserved 1179648K
  class space    used 8109K, committed 8832K, reserved 1048576K
}
Event: 491.313 GC heap after
{Heap after GC invocations=1434 (full 4):
 PSYoungGen      total 8192K, used 480K [0x00000000eab00000, 0x00000000eb600000, 0x0000000100000000)
  eden space 7680K, 0% used [0x00000000eab00000,0x00000000eab00000,0x00000000eb280000)
  from space 512K, 93% used [0x00000000eb380000,0x00000000eb3f8000,0x00000000eb400000)
  to   space 1024K, 0% used [0x00000000eb280000,0x00000000eb280000,0x00000000eb380000)
 ParOldGen       total 641024K, used 640997K [0x00000000c0000000, 0x00000000e7200000, 0x00000000eab00000)
  object space 641024K, 99% used [0x00000000c0000000,0x00000000e71f9728,0x00000000e7200000)
 Metaspace       used 81034K, committed 82752K, reserved 1179648K
  class space    used 8109K, committed 8832K, reserved 1048576K
}
Event: 491.422 GC heap before
{Heap before GC invocations=1435 (full 4):
 PSYoungGen      total 8192K, used 6885K [0x00000000eab00000, 0x00000000eb600000, 0x0000000100000000)
  eden space 7680K, 83% used [0x00000000eab00000,0x00000000eb141640,0x00000000eb280000)
  from space 512K, 93% used [0x00000000eb380000,0x00000000eb3f8000,0x00000000eb400000)
  to   space 1024K, 0% used [0x00000000eb280000,0x00000000eb280000,0x00000000eb380000)
 ParOldGen       total 641024K, used 640997K [0x00000000c0000000, 0x00000000e7200000, 0x00000000eab00000)
  object space 641024K, 99% used [0x00000000c0000000,0x00000000e71f9728,0x00000000e7200000)
 Metaspace       used 81044K, committed 82752K, reserved 1179648K
  class space    used 8109K, committed 8832K, reserved 1048576K
}
Event: 491.426 GC heap after
{Heap after GC invocations=1435 (full 4):
 PSYoungGen      total 8704K, used 416K [0x00000000eab00000, 0x00000000eb400000, 0x0000000100000000)
  eden space 7680K, 0% used [0x00000000eab00000,0x00000000eab00000,0x00000000eb280000)
  from space 1024K, 40% used [0x00000000eb280000,0x00000000eb2e8000,0x00000000eb380000)
  to   space 512K, 0% used [0x00000000eb380000,0x00000000eb380000,0x00000000eb400000)
 ParOldGen       total 641024K, used 640997K [0x00000000c0000000, 0x00000000e7200000, 0x00000000eab00000)
  object space 641024K, 99% used [0x00000000c0000000,0x00000000e71f9728,0x00000000e7200000)
 Metaspace       used 81044K, committed 82752K, reserved 1179648K
  class space    used 8109K, committed 8832K, reserved 1048576K
}
Event: 491.438 GC heap before
{Heap before GC invocations=1436 (full 4):
 PSYoungGen      total 8704K, used 8096K [0x00000000eab00000, 0x00000000eb400000, 0x0000000100000000)
  eden space 7680K, 100% used [0x00000000eab00000,0x00000000eb280000,0x00000000eb280000)
  from space 1024K, 40% used [0x00000000eb280000,0x00000000eb2e8000,0x00000000eb380000)
  to   space 512K, 0% used [0x00000000eb380000,0x00000000eb380000,0x00000000eb400000)
 ParOldGen       total 641024K, used 640997K [0x00000000c0000000, 0x00000000e7200000, 0x00000000eab00000)
  object space 641024K, 99% used [0x00000000c0000000,0x00000000e71f9728,0x00000000e7200000)
 Metaspace       used 81044K, committed 82752K, reserved 1179648K
  class space    used 8109K, committed 8832K, reserved 1048576K
}
Event: 491.442 GC heap after
{Heap after GC invocations=1436 (full 4):
 PSYoungGen      total 8192K, used 428K [0x00000000eab00000, 0x00000000eb400000, 0x0000000100000000)
  eden space 7680K, 0% used [0x00000000eab00000,0x00000000eab00000,0x00000000eb280000)
  from space 512K, 83% used [0x00000000eb380000,0x00000000eb3eb040,0x00000000eb400000)
  to   space 512K, 0% used [0x00000000eb300000,0x00000000eb300000,0x00000000eb380000)
 ParOldGen       total 643072K, used 642586K [0x00000000c0000000, 0x00000000e7400000, 0x00000000eab00000)
  object space 643072K, 99% used [0x00000000c0000000,0x00000000e7386b48,0x00000000e7400000)
 Metaspace       used 81044K, committed 82752K, reserved 1179648K
  class space    used 8109K, committed 8832K, reserved 1048576K
}
Event: 491.453 GC heap before
{Heap before GC invocations=1437 (full 4):
 PSYoungGen      total 8192K, used 7240K [0x00000000eab00000, 0x00000000eb400000, 0x0000000100000000)
  eden space 7680K, 88% used [0x00000000eab00000,0x00000000eb1a7160,0x00000000eb280000)
  from space 512K, 83% used [0x00000000eb380000,0x00000000eb3eb040,0x00000000eb400000)
  to   space 512K, 0% used [0x00000000eb300000,0x00000000eb300000,0x00000000eb380000)
 ParOldGen       total 643072K, used 642586K [0x00000000c0000000, 0x00000000e7400000, 0x00000000eab00000)
  object space 643072K, 99% used [0x00000000c0000000,0x00000000e7386b48,0x00000000e7400000)
 Metaspace       used 81044K, committed 82752K, reserved 1179648K
  class space    used 8109K, committed 8832K, reserved 1048576K
}
Event: 491.456 GC heap after
{Heap after GC invocations=1437 (full 4):
 PSYoungGen      total 8192K, used 224K [0x00000000eab00000, 0x00000000eb400000, 0x0000000100000000)
  eden space 7680K, 0% used [0x00000000eab00000,0x00000000eab00000,0x00000000eb280000)
  from space 512K, 43% used [0x00000000eb300000,0x00000000eb338000,0x00000000eb380000)
  to   space 512K, 0% used [0x00000000eb380000,0x00000000eb380000,0x00000000eb400000)
 ParOldGen       total 643072K, used 642586K [0x00000000c0000000, 0x00000000e7400000, 0x00000000eab00000)
  object space 643072K, 99% used [0x00000000c0000000,0x00000000e7386b48,0x00000000e7400000)
 Metaspace       used 81044K, committed 82752K, reserved 1179648K
  class space    used 8109K, committed 8832K, reserved 1048576K
}
Event: 491.466 GC heap before
{Heap before GC invocations=1438 (full 4):
 PSYoungGen      total 8192K, used 7563K [0x00000000eab00000, 0x00000000eb400000, 0x0000000100000000)
  eden space 7680K, 95% used [0x00000000eab00000,0x00000000eb22ae68,0x00000000eb280000)
  from space 512K, 43% used [0x00000000eb300000,0x00000000eb338000,0x00000000eb380000)
  to   space 512K, 0% used [0x00000000eb380000,0x00000000eb380000,0x00000000eb400000)
 ParOldGen       total 643072K, used 642586K [0x00000000c0000000, 0x00000000e7400000, 0x00000000eab00000)
  object space 643072K, 99% used [0x00000000c0000000,0x00000000e7386b48,0x00000000e7400000)
 Metaspace       used 81044K, committed 82752K, reserved 1179648K
  class space    used 8109K, committed 8832K, reserved 1048576K
}
Event: 491.469 GC heap after
{Heap after GC invocations=1438 (full 4):
 PSYoungGen      total 8192K, used 160K [0x00000000eab00000, 0x00000000eb400000, 0x0000000100000000)
  eden space 7680K, 0% used [0x00000000eab00000,0x00000000eab00000,0x00000000eb280000)
  from space 512K, 31% used [0x00000000eb380000,0x00000000eb3a8000,0x00000000eb400000)
  to   space 512K, 0% used [0x00000000eb300000,0x00000000eb300000,0x00000000eb380000)
 ParOldGen       total 643072K, used 642610K [0x00000000c0000000, 0x00000000e7400000, 0x00000000eab00000)
  object space 643072K, 99% used [0x00000000c0000000,0x00000000e738cb48,0x00000000e7400000)
 Metaspace       used 81044K, committed 82752K, reserved 1179648K
  class space    used 8109K, committed 8832K, reserved 1048576K
}
Event: 491.482 GC heap before
{Heap before GC invocations=1439 (full 4):
 PSYoungGen      total 8192K, used 7830K [0x00000000eab00000, 0x00000000eb400000, 0x0000000100000000)
  eden space 7680K, 99% used [0x00000000eab00000,0x00000000eb27d9d0,0x00000000eb280000)
  from space 512K, 31% used [0x00000000eb380000,0x00000000eb3a8000,0x00000000eb400000)
  to   space 512K, 0% used [0x00000000eb300000,0x00000000eb300000,0x00000000eb380000)
 ParOldGen       total 643072K, used 642610K [0x00000000c0000000, 0x00000000e7400000, 0x00000000eab00000)
  object space 643072K, 99% used [0x00000000c0000000,0x00000000e738cb48,0x00000000e7400000)
 Metaspace       used 81049K, committed 82752K, reserved 1179648K
  class space    used 8109K, committed 8832K, reserved 1048576K
}
Event: 491.484 GC heap after
{Heap after GC invocations=1439 (full 4):
 PSYoungGen      total 8192K, used 192K [0x00000000eab00000, 0x00000000eb400000, 0x0000000100000000)
  eden space 7680K, 0% used [0x00000000eab00000,0x00000000eab00000,0x00000000eb280000)
  from space 512K, 37% used [0x00000000eb300000,0x00000000eb330000,0x00000000eb380000)
  to   space 512K, 0% used [0x00000000eb380000,0x00000000eb380000,0x00000000eb400000)
 ParOldGen       total 643072K, used 642610K [0x00000000c0000000, 0x00000000e7400000, 0x00000000eab00000)
  object space 643072K, 99% used [0x00000000c0000000,0x00000000e738cb48,0x00000000e7400000)
 Metaspace       used 81049K, committed 82752K, reserved 1179648K
  class space    used 8109K, committed 8832K, reserved 1048576K
}
Event: 491.495 GC heap before
{Heap before GC invocations=1440 (full 4):
 PSYoungGen      total 8192K, used 7872K [0x00000000eab00000, 0x00000000eb400000, 0x0000000100000000)
  eden space 7680K, 100% used [0x00000000eab00000,0x00000000eb280000,0x00000000eb280000)
  from space 512K, 37% used [0x00000000eb300000,0x00000000eb330000,0x00000000eb380000)
  to   space 512K, 0% used [0x00000000eb380000,0x00000000eb380000,0x00000000eb400000)
 ParOldGen       total 643072K, used 642610K [0x00000000c0000000, 0x00000000e7400000, 0x00000000eab00000)
  object space 643072K, 99% used [0x00000000c0000000,0x00000000e738cb48,0x00000000e7400000)
 Metaspace       used 81049K, committed 82752K, reserved 1179648K
  class space    used 8109K, committed 8832K, reserved 1048576K
}
Event: 491.498 GC heap after
{Heap after GC invocations=1440 (full 4):
 PSYoungGen      total 8192K, used 512K [0x00000000eab00000, 0x00000000eb480000, 0x0000000100000000)
  eden space 7680K, 0% used [0x00000000eab00000,0x00000000eab00000,0x00000000eb280000)
  from space 512K, 100% used [0x00000000eb380000,0x00000000eb400000,0x00000000eb400000)
  to   space 1024K, 0% used [0x00000000eb280000,0x00000000eb280000,0x00000000eb380000)
 ParOldGen       total 643072K, used 642650K [0x00000000c0000000, 0x00000000e7400000, 0x00000000eab00000)
  object space 643072K, 99% used [0x00000000c0000000,0x00000000e7396b48,0x00000000e7400000)
 Metaspace       used 81049K, committed 82752K, reserved 1179648K
  class space    used 8109K, committed 8832K, reserved 1048576K
}
Event: 491.511 GC heap before
{Heap before GC invocations=1441 (full 4):
 PSYoungGen      total 8192K, used 8192K [0x00000000eab00000, 0x00000000eb480000, 0x0000000100000000)
  eden space 7680K, 100% used [0x00000000eab00000,0x00000000eb280000,0x00000000eb280000)
  from space 512K, 100% used [0x00000000eb380000,0x00000000eb400000,0x00000000eb400000)
  to   space 1024K, 0% used [0x00000000eb280000,0x00000000eb280000,0x00000000eb380000)
 ParOldGen       total 643072K, used 642650K [0x00000000c0000000, 0x00000000e7400000, 0x00000000eab00000)
  object space 643072K, 99% used [0x00000000c0000000,0x00000000e7396b48,0x00000000e7400000)
 Metaspace       used 81049K, committed 82752K, reserved 1179648K
  class space    used 8109K, committed 8832K, reserved 1048576K
}
Event: 491.514 GC heap after
{Heap after GC invocations=1441 (full 4):
 PSYoungGen      total 8704K, used 608K [0x00000000eab00000, 0x00000000eb480000, 0x0000000100000000)
  eden space 7680K, 0% used [0x00000000eab00000,0x00000000eab00000,0x00000000eb280000)
  from space 1024K, 59% used [0x00000000eb280000,0x00000000eb318000,0x00000000eb380000)
  to   space 1024K, 0% used [0x00000000eb380000,0x00000000eb380000,0x00000000eb480000)
 ParOldGen       total 643072K, used 642650K [0x00000000c0000000, 0x00000000e7400000, 0x00000000eab00000)
  object space 643072K, 99% used [0x00000000c0000000,0x00000000e7396b48,0x00000000e7400000)
 Metaspace       used 81049K, committed 82752K, reserved 1179648K
  class space    used 8109K, committed 8832K, reserved 1048576K
}
Event: 491.528 GC heap before
{Heap before GC invocations=1442 (full 4):
 PSYoungGen      total 8704K, used 8073K [0x00000000eab00000, 0x00000000eb480000, 0x0000000100000000)
  eden space 7680K, 97% used [0x00000000eab00000,0x00000000eb24a780,0x00000000eb280000)
  from space 1024K, 59% used [0x00000000eb280000,0x00000000eb318000,0x00000000eb380000)
  to   space 1024K, 0% used [0x00000000eb380000,0x00000000eb380000,0x00000000eb480000)
 ParOldGen       total 643072K, used 642650K [0x00000000c0000000, 0x00000000e7400000, 0x00000000eab00000)
  object space 643072K, 99% used [0x00000000c0000000,0x00000000e7396b48,0x00000000e7400000)
 Metaspace       used 81049K, committed 82752K, reserved 1179648K
  class space    used 8109K, committed 8832K, reserved 1048576K
}
Event: 491.531 GC heap after
{Heap after GC invocations=1442 (full 4):
 PSYoungGen      total 8704K, used 883K [0x00000000eab00000, 0x00000000eb480000, 0x0000000100000000)
  eden space 7680K, 0% used [0x00000000eab00000,0x00000000eab00000,0x00000000eb280000)
  from space 1024K, 86% used [0x00000000eb380000,0x00000000eb45ce28,0x00000000eb480000)
  to   space 1024K, 0% used [0x00000000eb280000,0x00000000eb280000,0x00000000eb380000)
 ParOldGen       total 644608K, used 644157K [0x00000000c0000000, 0x00000000e7580000, 0x00000000eab00000)
  object space 644608K, 99% used [0x00000000c0000000,0x00000000e750f728,0x00000000e7580000)
 Metaspace       used 81049K, committed 82752K, reserved 1179648K
  class space    used 8109K, committed 8832K, reserved 1048576K
}

Dll operation events (11 events):
Event: 0.012 Loaded shared library c:\Users\Sev\.vscode\extensions\redhat.java-1.40.0-win32-x64\jre\21.0.6-win32-x86_64\bin\java.dll
Event: 0.078 Loaded shared library c:\Users\Sev\.vscode\extensions\redhat.java-1.40.0-win32-x64\jre\21.0.6-win32-x86_64\bin\zip.dll
Event: 0.099 Loaded shared library C:\Users\Sev\.vscode\extensions\redhat.java-1.40.0-win32-x64\jre\21.0.6-win32-x86_64\bin\instrument.dll
Event: 0.103 Loaded shared library C:\Users\Sev\.vscode\extensions\redhat.java-1.40.0-win32-x64\jre\21.0.6-win32-x86_64\bin\net.dll
Event: 0.106 Loaded shared library C:\Users\Sev\.vscode\extensions\redhat.java-1.40.0-win32-x64\jre\21.0.6-win32-x86_64\bin\nio.dll
Event: 0.110 Loaded shared library C:\Users\Sev\.vscode\extensions\redhat.java-1.40.0-win32-x64\jre\21.0.6-win32-x86_64\bin\zip.dll
Event: 0.126 Loaded shared library C:\Users\Sev\.vscode\extensions\redhat.java-1.40.0-win32-x64\jre\21.0.6-win32-x86_64\bin\jimage.dll
Event: 0.211 Loaded shared library c:\Users\Sev\.vscode\extensions\redhat.java-1.40.0-win32-x64\jre\21.0.6-win32-x86_64\bin\verify.dll
Event: 3.833 Loaded shared library C:\Users\Sev\AppData\Roaming\Code\User\globalStorage\redhat.java\1.40.0\config_win\org.eclipse.equinox.launcher\org.eclipse.equinox.launcher.win32.win32.x86_64_1.2.1200.v20250212-0927\eclipse_11909.dll
Event: 13.722 Loaded shared library C:\Users\Sev\AppData\Local\Temp\jna-83012\jna2442109361979937740.dll
Event: 376.016 Loaded shared library C:\Users\Sev\.vscode\extensions\redhat.java-1.40.0-win32-x64\jre\21.0.6-win32-x86_64\bin\extnet.dll

Deoptimization events (20 events):
Event: 490.789 Thread 0x0000018af91a61c0 DEOPT PACKING pc=0x0000018ae49f9390 sp=0x0000005b948fd620
Event: 490.789 Thread 0x0000018af91a61c0 DEOPT UNPACKING pc=0x0000018ae3183aa2 sp=0x0000005b948fd5a8 mode 2
Event: 491.063 Thread 0x0000018af91a61c0 Uncommon trap: trap_request=0xffffff45 fr.pc=0x0000018ae4fac414 relative=0x0000000000000634
Event: 491.063 Thread 0x0000018af91a61c0 Uncommon trap: reason=unstable_if action=reinterpret pc=0x0000018ae4fac414 method=org.jsoup.internal.StringUtil.isActuallyWhitespace(I)Z @ 34 c2
Event: 491.063 Thread 0x0000018af91a61c0 DEOPT PACKING pc=0x0000018ae4fac414 sp=0x0000005b948fe290
Event: 491.063 Thread 0x0000018af91a61c0 DEOPT UNPACKING pc=0x0000018ae3183aa2 sp=0x0000005b948fe1d8 mode 2
Event: 491.063 Thread 0x0000018af91a61c0 Uncommon trap: trap_request=0xffffff45 fr.pc=0x0000018ae3dbfd40 relative=0x00000000000000a0
Event: 491.063 Thread 0x0000018af91a61c0 Uncommon trap: reason=unstable_if action=reinterpret pc=0x0000018ae3dbfd40 method=org.jsoup.internal.StringUtil.isActuallyWhitespace(I)Z @ 34 c2
Event: 491.063 Thread 0x0000018af91a61c0 DEOPT PACKING pc=0x0000018ae3dbfd40 sp=0x0000005b948fe250
Event: 491.063 Thread 0x0000018af91a61c0 DEOPT UNPACKING pc=0x0000018ae3183aa2 sp=0x0000005b948fe1d8 mode 2
Event: 491.065 Thread 0x0000018af91a61c0 Uncommon trap: trap_request=0xffffffc6 fr.pc=0x0000018ae4c5fe00 relative=0x0000000000000680
Event: 491.065 Thread 0x0000018af91a61c0 Uncommon trap: reason=bimorphic_or_optimized_type_check action=maybe_recompile pc=0x0000018ae4c5fe00 method=java.util.regex.Pattern$CharPropertyGreedy.match(Ljava/util/regex/Matcher;ILjava/lang/CharSequence;)Z @ 64 c2
Event: 491.065 Thread 0x0000018af91a61c0 DEOPT PACKING pc=0x0000018ae4c5fe00 sp=0x0000005b948fdf30
Event: 491.065 Thread 0x0000018af91a61c0 DEOPT UNPACKING pc=0x0000018ae3183aa2 sp=0x0000005b948fdec0 mode 2
Event: 491.065 Thread 0x0000018af91a61c0 Uncommon trap: trap_request=0xffffffc6 fr.pc=0x0000018ae4c5fe00 relative=0x0000000000000680
Event: 491.065 Thread 0x0000018af91a61c0 Uncommon trap: reason=bimorphic_or_optimized_type_check action=maybe_recompile pc=0x0000018ae4c5fe00 method=java.util.regex.Pattern$CharPropertyGreedy.match(Ljava/util/regex/Matcher;ILjava/lang/CharSequence;)Z @ 64 c2
Event: 491.065 Thread 0x0000018af91a61c0 DEOPT PACKING pc=0x0000018ae4c5fe00 sp=0x0000005b948fdf30
Event: 491.065 Thread 0x0000018af91a61c0 DEOPT UNPACKING pc=0x0000018ae3183aa2 sp=0x0000005b948fdec0 mode 2
Event: 491.430 Thread 0x0000018af91a61c0 DEOPT PACKING pc=0x0000018adc9d5278 sp=0x0000005b948fdc00
Event: 491.430 Thread 0x0000018af91a61c0 DEOPT UNPACKING pc=0x0000018ae3184242 sp=0x0000005b948fd088 mode 0

Classes loaded (20 events):
Event: 377.182 Loading class java/util/concurrent/ScheduledThreadPoolExecutor$DelayedWorkQueue$Itr
Event: 377.183 Loading class java/util/concurrent/ScheduledThreadPoolExecutor$DelayedWorkQueue$Itr done
Event: 377.386 Loading class java/util/stream/IntPipeline$1
Event: 377.386 Loading class java/util/stream/IntPipeline$1 done
Event: 377.387 Loading class java/util/stream/IntPipeline$1$1
Event: 377.387 Loading class java/util/stream/IntPipeline$1$1 done
Event: 377.875 Loading class java/util/stream/Streams$RangeIntSpliterator
Event: 377.875 Loading class java/util/stream/Streams$RangeIntSpliterator done
Event: 377.877 Loading class java/lang/ProcessHandleImpl$ExitCompletion
Event: 377.877 Loading class java/lang/ProcessHandleImpl$ExitCompletion done
Event: 377.878 Loading class java/lang/ProcessHandleImpl$1
Event: 377.878 Loading class java/lang/ProcessHandleImpl$1 done
Event: 377.878 Loading class java/util/concurrent/CompletableFuture$UniHandle
Event: 377.879 Loading class java/util/concurrent/CompletableFuture$UniHandle done
Event: 419.075 Loading class jdk/internal/icu/text/NormalizerBase$NFCModeImpl
Event: 419.075 Loading class jdk/internal/icu/text/NormalizerBase$NFCModeImpl done
Event: 419.075 Loading class jdk/internal/icu/impl/Norm2AllModes$NFCSingleton
Event: 419.075 Loading class jdk/internal/icu/impl/Norm2AllModes$NFCSingleton done
Event: 442.938 Loading class java/nio/channels/CompletionHandler
Event: 442.938 Loading class java/nio/channels/CompletionHandler done

Classes unloaded (7 events):
Event: 14.456 Thread 0x0000018aecec3c90 Unloading class 0x0000018a81199400 'java/lang/invoke/LambdaForm$MH+0x0000018a81199400'
Event: 14.456 Thread 0x0000018aecec3c90 Unloading class 0x0000018a81199000 'java/lang/invoke/LambdaForm$MH+0x0000018a81199000'
Event: 14.456 Thread 0x0000018aecec3c90 Unloading class 0x0000018a81198c00 'java/lang/invoke/LambdaForm$MH+0x0000018a81198c00'
Event: 14.456 Thread 0x0000018aecec3c90 Unloading class 0x0000018a81198800 'java/lang/invoke/LambdaForm$MH+0x0000018a81198800'
Event: 14.456 Thread 0x0000018aecec3c90 Unloading class 0x0000018a81198400 'java/lang/invoke/LambdaForm$BMH+0x0000018a81198400'
Event: 14.456 Thread 0x0000018aecec3c90 Unloading class 0x0000018a81198000 'java/lang/invoke/LambdaForm$DMH+0x0000018a81198000'
Event: 14.456 Thread 0x0000018aecec3c90 Unloading class 0x0000018a81196c00 'java/lang/invoke/LambdaForm$DMH+0x0000018a81196c00'

Classes redefined (0 events):
No events

Internal exceptions (20 events):
Event: 490.567 Thread 0x0000018af91a61c0 Exception <a 'java/lang/ClassNotFoundException'{0x00000000eafb5c10}: sun/net/www/protocol/jdt/Handler> (0x00000000eafb5c10) 
thrown [s\src\hotspot\share\classfile\systemDictionary.cpp, line 312]
Event: 490.567 Thread 0x0000018af91a61c0 Exception <a 'java/lang/ClassNotFoundException'{0x00000000eafb8440}: sun/net/www/protocol/jdt/Handler> (0x00000000eafb8440) 
thrown [s\src\hotspot\share\classfile\systemDictionary.cpp, line 312]
Event: 490.567 Thread 0x0000018af91a61c0 Exception <a 'java/lang/ClassNotFoundException'{0x00000000eafba3c0}: sun/net/www/protocol/jdt/Handler> (0x00000000eafba3c0) 
thrown [s\src\hotspot\share\classfile\systemDictionary.cpp, line 312]
Event: 490.567 Thread 0x0000018af91a61c0 Exception <a 'java/lang/ClassNotFoundException'{0x00000000eafbffa0}: sun/net/www/protocol/jdt/Handler> (0x00000000eafbffa0) 
thrown [s\src\hotspot\share\classfile\systemDictionary.cpp, line 312]
Event: 490.627 Thread 0x0000018af91a61c0 Exception <a 'java/lang/ClassNotFoundException'{0x00000000eb1fa750}: sun/net/www/protocol/jdt/Handler> (0x00000000eb1fa750) 
thrown [s\src\hotspot\share\classfile\systemDictionary.cpp, line 312]
Event: 490.627 Thread 0x0000018af91a61c0 Exception <a 'java/lang/ClassNotFoundException'{0x00000000eb1fcaf8}: sun/net/www/protocol/eclipse-javadoc/Handler> (0x00000000eb1fcaf8) 
thrown [s\src\hotspot\share\classfile\systemDictionary.cpp, line 312]
Event: 490.627 Thread 0x0000018af91a61c0 Exception <a 'java/lang/ClassNotFoundException'{0x00000000eb1fef90}: sun/net/www/protocol/eclipse-javadoc/Handler> (0x00000000eb1fef90) 
thrown [s\src\hotspot\share\classfile\systemDictionary.cpp, line 312]
Event: 490.627 Thread 0x0000018af91a61c0 Exception <a 'java/lang/ClassNotFoundException'{0x00000000eb2024f8}: sun/net/www/protocol/jdt/Handler> (0x00000000eb2024f8) 
thrown [s\src\hotspot\share\classfile\systemDictionary.cpp, line 312]
Event: 490.810 Thread 0x0000018af91a61c0 Exception <a 'java/lang/ClassNotFoundException'{0x00000000eab168c0}: sun/net/www/protocol/jdt/Handler> (0x00000000eab168c0) 
thrown [s\src\hotspot\share\classfile\systemDictionary.cpp, line 312]
Event: 490.810 Thread 0x0000018af91a61c0 Exception <a 'java/lang/ClassNotFoundException'{0x00000000eab1df08}: sun/net/www/protocol/jdt/Handler> (0x00000000eab1df08) 
thrown [s\src\hotspot\share\classfile\systemDictionary.cpp, line 312]
Event: 491.062 Thread 0x0000018af91a61c0 Exception <a 'java/lang/ClassNotFoundException'{0x00000000eadb3528}: sun/net/www/protocol/jdt/Handler> (0x00000000eadb3528) 
thrown [s\src\hotspot\share\classfile\systemDictionary.cpp, line 312]
Event: 491.062 Thread 0x0000018af91a61c0 Exception <a 'java/lang/ClassNotFoundException'{0x00000000eadb5470}: sun/net/www/protocol/jdt/Handler> (0x00000000eadb5470) 
thrown [s\src\hotspot\share\classfile\systemDictionary.cpp, line 312]
Event: 491.062 Thread 0x0000018af91a61c0 Exception <a 'java/lang/ClassNotFoundException'{0x00000000eadb7618}: sun/net/www/protocol/jdt/Handler> (0x00000000eadb7618) 
thrown [s\src\hotspot\share\classfile\systemDictionary.cpp, line 312]
Event: 491.063 Thread 0x0000018af91a61c0 Exception <a 'java/lang/ClassNotFoundException'{0x00000000eadbd4e0}: sun/net/www/protocol/jdt/Handler> (0x00000000eadbd4e0) 
thrown [s\src\hotspot\share\classfile\systemDictionary.cpp, line 312]
Event: 491.318 Thread 0x0000018af91a61c0 Exception <a 'java/lang/ClassNotFoundException'{0x00000000ead9f178}: sun/net/www/protocol/jdt/Handler> (0x00000000ead9f178) 
thrown [s\src\hotspot\share\classfile\systemDictionary.cpp, line 312]
Event: 491.319 Thread 0x0000018af91a61c0 Exception <a 'java/lang/ClassNotFoundException'{0x00000000eada1478}: sun/net/www/protocol/jdt/Handler> (0x00000000eada1478) 
thrown [s\src\hotspot\share\classfile\systemDictionary.cpp, line 312]
Event: 491.319 Thread 0x0000018af91a61c0 Exception <a 'java/lang/ClassNotFoundException'{0x00000000eada35d8}: sun/net/www/protocol/jdt/Handler> (0x00000000eada35d8) 
thrown [s\src\hotspot\share\classfile\systemDictionary.cpp, line 312]
Event: 491.319 Thread 0x0000018af91a61c0 Exception <a 'java/lang/ClassNotFoundException'{0x00000000eada5500}: sun/net/www/protocol/jdt/Handler> (0x00000000eada5500) 
thrown [s\src\hotspot\share\classfile\systemDictionary.cpp, line 312]
Event: 491.319 Thread 0x0000018af91a61c0 Exception <a 'java/lang/ClassNotFoundException'{0x00000000eada7638}: sun/net/www/protocol/jdt/Handler> (0x00000000eada7638) 
thrown [s\src\hotspot\share\classfile\systemDictionary.cpp, line 312]
Event: 491.319 Thread 0x0000018af91a61c0 Exception <a 'java/lang/ClassNotFoundException'{0x00000000eadaad30}: sun/net/www/protocol/jdt/Handler> (0x00000000eadaad30) 
thrown [s\src\hotspot\share\classfile\systemDictionary.cpp, line 312]

ZGC Phase Switch (0 events):
No events

VM Operations (20 events):
Event: 491.296 Executing VM operation: ParallelGCFailedAllocation (Allocation Failure)
Event: 491.299 Executing VM operation: ParallelGCFailedAllocation (Allocation Failure) done
Event: 491.310 Executing VM operation: ParallelGCFailedAllocation (Allocation Failure)
Event: 491.313 Executing VM operation: ParallelGCFailedAllocation (Allocation Failure) done
Event: 491.422 Executing VM operation: ParallelGCFailedAllocation (Allocation Failure)
Event: 491.426 Executing VM operation: ParallelGCFailedAllocation (Allocation Failure) done
Event: 491.438 Executing VM operation: ParallelGCFailedAllocation (Allocation Failure)
Event: 491.442 Executing VM operation: ParallelGCFailedAllocation (Allocation Failure) done
Event: 491.453 Executing VM operation: ParallelGCFailedAllocation (Allocation Failure)
Event: 491.456 Executing VM operation: ParallelGCFailedAllocation (Allocation Failure) done
Event: 491.466 Executing VM operation: ParallelGCFailedAllocation (Allocation Failure)
Event: 491.469 Executing VM operation: ParallelGCFailedAllocation (Allocation Failure) done
Event: 491.482 Executing VM operation: ParallelGCFailedAllocation (Allocation Failure)
Event: 491.484 Executing VM operation: ParallelGCFailedAllocation (Allocation Failure) done
Event: 491.495 Executing VM operation: ParallelGCFailedAllocation (Allocation Failure)
Event: 491.498 Executing VM operation: ParallelGCFailedAllocation (Allocation Failure) done
Event: 491.511 Executing VM operation: ParallelGCFailedAllocation (Allocation Failure)
Event: 491.514 Executing VM operation: ParallelGCFailedAllocation (Allocation Failure) done
Event: 491.528 Executing VM operation: ParallelGCFailedAllocation (Allocation Failure)
Event: 491.531 Executing VM operation: ParallelGCFailedAllocation (Allocation Failure) done

Memory protections (0 events):
No events

Nmethod flushes (20 events):
Event: 157.181 Thread 0x0000018aecec3c90 flushing  nmethod 0x0000018adcd3a190
Event: 157.181 Thread 0x0000018aecec3c90 flushing  nmethod 0x0000018adcd55090
Event: 157.181 Thread 0x0000018aecec3c90 flushing  nmethod 0x0000018adcd92810
Event: 157.181 Thread 0x0000018aecec3c90 flushing  nmethod 0x0000018adcd95690
Event: 157.181 Thread 0x0000018aecec3c90 flushing  nmethod 0x0000018adcd95f90
Event: 157.181 Thread 0x0000018aecec3c90 flushing  nmethod 0x0000018adce00490
Event: 157.181 Thread 0x0000018aecec3c90 flushing  nmethod 0x0000018adcefac10
Event: 157.181 Thread 0x0000018aecec3c90 flushing  nmethod 0x0000018adcf06a90
Event: 157.181 Thread 0x0000018aecec3c90 flushing  nmethod 0x0000018adcf56d10
Event: 157.181 Thread 0x0000018aecec3c90 flushing  nmethod 0x0000018adcf57110
Event: 157.181 Thread 0x0000018aecec3c90 flushing  nmethod 0x0000018adcf58010
Event: 157.181 Thread 0x0000018aecec3c90 flushing  nmethod 0x0000018adcf58c90
Event: 157.181 Thread 0x0000018aecec3c90 flushing  nmethod 0x0000018adcf5c410
Event: 157.181 Thread 0x0000018aecec3c90 flushing  nmethod 0x0000018adcf5cc90
Event: 157.181 Thread 0x0000018aecec3c90 flushing  nmethod 0x0000018adcf5ed10
Event: 157.181 Thread 0x0000018aecec3c90 flushing  nmethod 0x0000018adcf72710
Event: 157.181 Thread 0x0000018aecec3c90 flushing osr nmethod 0x0000018adcf7b510
Event: 157.181 Thread 0x0000018aecec3c90 flushing  nmethod 0x0000018adcfa5010
Event: 157.181 Thread 0x0000018aecec3c90 flushing  nmethod 0x0000018add00a890
Event: 157.181 Thread 0x0000018aecec3c90 flushing  nmethod 0x0000018add02b110

Events (20 events):
Event: 422.801 Thread 0x0000018af6ee0e00 Thread added: 0x0000018af6ee0730
Event: 422.832 Thread 0x0000018af6ee0730 Thread added: 0x0000018af6edbc40
Event: 423.979 Thread 0x0000018af6edbc40 Thread exited: 0x0000018af6edbc40
Event: 424.013 Thread 0x0000018af6ee0730 Thread exited: 0x0000018af6ee0730
Event: 425.991 Thread 0x0000018af6ee0e00 Thread exited: 0x0000018af6ee0e00
Event: 433.540 Thread 0x0000018af91aa360 Thread exited: 0x0000018af91aa360
Event: 442.939 Thread 0x0000018aee5ba8b0 Thread added: 0x0000018af6edaea0
Event: 443.326 Thread 0x0000018af6edaea0 Thread exited: 0x0000018af6edaea0
Event: 451.714 Thread 0x0000018af91aa9f0 Thread exited: 0x0000018af91aa9f0
Event: 454.864 Thread 0x0000018aee5bb6d0 Thread added: 0x0000018af6edaea0
Event: 458.182 Thread 0x0000018af6edaea0 Thread exited: 0x0000018af6edaea0
Event: 480.440 Thread 0x0000018aee5bb6d0 Thread added: 0x0000018af6edd780
Event: 480.891 Thread 0x0000018aee5ba8b0 Thread added: 0x0000018af6ee0730
Event: 481.070 Thread 0x0000018aee5bb6d0 Thread added: 0x0000018af6edebf0
Event: 481.093 Thread 0x0000018af6edd780 Thread added: 0x0000018af6ee0e00
Event: 481.101 Thread 0x0000018af6ee0730 Thread added: 0x0000018af6ede520
Event: 481.638 Thread 0x0000018af6ede520 Thread exited: 0x0000018af6ede520
Event: 481.638 Thread 0x0000018af6ee0e00 Thread exited: 0x0000018af6ee0e00
Event: 481.711 Thread 0x0000018af6edebf0 Thread exited: 0x0000018af6edebf0
Event: 481.712 Thread 0x0000018af6ee0730 Thread exited: 0x0000018af6ee0730


Dynamic libraries:
0x00007ff743c30000 - 0x00007ff743c3e000 	c:\Users\Sev\.vscode\extensions\redhat.java-1.40.0-win32-x64\jre\21.0.6-win32-x86_64\bin\java.exe
0x00007ffda9070000 - 0x00007ffda9287000 	C:\WINDOWS\SYSTEM32\ntdll.dll
0x00007ffda8000000 - 0x00007ffda80c4000 	C:\WINDOWS\System32\KERNEL32.DLL
0x00007ffda6700000 - 0x00007ffda6ad0000 	C:\WINDOWS\System32\KERNELBASE.dll
0x00007ffda6350000 - 0x00007ffda6461000 	C:\WINDOWS\System32\ucrtbase.dll
0x00007ffd7fc40000 - 0x00007ffd7fc58000 	c:\Users\Sev\.vscode\extensions\redhat.java-1.40.0-win32-x64\jre\21.0.6-win32-x86_64\bin\jli.dll
0x00007ffd801f0000 - 0x00007ffd8020e000 	c:\Users\Sev\.vscode\extensions\redhat.java-1.40.0-win32-x64\jre\21.0.6-win32-x86_64\bin\VCRUNTIME140.dll
0x00007ffda8d70000 - 0x00007ffda8f1e000 	C:\WINDOWS\System32\USER32.dll
0x00007ffda65b0000 - 0x00007ffda65d6000 	C:\WINDOWS\System32\win32u.dll
0x00007ffd9ddb0000 - 0x00007ffd9e042000 	C:\WINDOWS\WinSxS\amd64_microsoft.windows.common-controls_6595b64144ccf1df_6.0.22621.4830_none_270fe7d773858e80\COMCTL32.dll
0x00007ffda8d10000 - 0x00007ffda8d39000 	C:\WINDOWS\System32\GDI32.dll
0x00007ffda8910000 - 0x00007ffda89b7000 	C:\WINDOWS\System32\msvcrt.dll
0x00007ffda65e0000 - 0x00007ffda66fb000 	C:\WINDOWS\System32\gdi32full.dll
0x00007ffda6ad0000 - 0x00007ffda6b6a000 	C:\WINDOWS\System32\msvcp_win.dll
0x00007ffda7230000 - 0x00007ffda7261000 	C:\WINDOWS\System32\IMM32.DLL
0x00007ffd9a4f0000 - 0x00007ffd9a4fc000 	c:\Users\Sev\.vscode\extensions\redhat.java-1.40.0-win32-x64\jre\21.0.6-win32-x86_64\bin\vcruntime140_1.dll
0x00007ffd3e650000 - 0x00007ffd3e6dd000 	c:\Users\Sev\.vscode\extensions\redhat.java-1.40.0-win32-x64\jre\21.0.6-win32-x86_64\bin\msvcp140.dll
0x00007ffd3d6d0000 - 0x00007ffd3e460000 	c:\Users\Sev\.vscode\extensions\redhat.java-1.40.0-win32-x64\jre\21.0.6-win32-x86_64\bin\server\jvm.dll
0x00007ffda8c50000 - 0x00007ffda8d01000 	C:\WINDOWS\System32\ADVAPI32.dll
0x00007ffda89c0000 - 0x00007ffda8a67000 	C:\WINDOWS\System32\sechost.dll
0x00007ffda6320000 - 0x00007ffda6348000 	C:\WINDOWS\System32\bcrypt.dll
0x00007ffda85e0000 - 0x00007ffda86f4000 	C:\WINDOWS\System32\RPCRT4.dll
0x00007ffda8bd0000 - 0x00007ffda8c41000 	C:\WINDOWS\System32\WS2_32.dll
0x00007ffda61f0000 - 0x00007ffda623d000 	C:\WINDOWS\SYSTEM32\POWRPROF.dll
0x00007ffda1ba0000 - 0x00007ffda1bd4000 	C:\WINDOWS\SYSTEM32\WINMM.dll
0x00007ffd9d590000 - 0x00007ffd9d59a000 	C:\WINDOWS\SYSTEM32\VERSION.dll
0x00007ffda61d0000 - 0x00007ffda61e3000 	C:\WINDOWS\SYSTEM32\UMPDC.dll
0x00007ffda5330000 - 0x00007ffda5348000 	C:\WINDOWS\SYSTEM32\kernel.appcore.dll
0x00007ffd98220000 - 0x00007ffd9822a000 	c:\Users\Sev\.vscode\extensions\redhat.java-1.40.0-win32-x64\jre\21.0.6-win32-x86_64\bin\jimage.dll
0x00007ffda3a10000 - 0x00007ffda3c42000 	C:\WINDOWS\SYSTEM32\DBGHELP.DLL
0x00007ffda7270000 - 0x00007ffda7600000 	C:\WINDOWS\System32\combase.dll
0x00007ffda6f80000 - 0x00007ffda7057000 	C:\WINDOWS\System32\OLEAUT32.dll
0x00007ffd9d2c0000 - 0x00007ffd9d2f2000 	C:\WINDOWS\SYSTEM32\dbgcore.DLL
0x00007ffda6ce0000 - 0x00007ffda6d5b000 	C:\WINDOWS\System32\bcryptPrimitives.dll
0x00007ffd93bf0000 - 0x00007ffd93bff000 	c:\Users\Sev\.vscode\extensions\redhat.java-1.40.0-win32-x64\jre\21.0.6-win32-x86_64\bin\instrument.dll
0x00007ffd7d1d0000 - 0x00007ffd7d1ef000 	c:\Users\Sev\.vscode\extensions\redhat.java-1.40.0-win32-x64\jre\21.0.6-win32-x86_64\bin\java.dll
0x00007ffda7780000 - 0x00007ffda7ff8000 	C:\WINDOWS\System32\SHELL32.dll
0x00007ffda4220000 - 0x00007ffda4b30000 	C:\WINDOWS\SYSTEM32\windows.storage.dll
0x00007ffda40e0000 - 0x00007ffda421f000 	C:\WINDOWS\SYSTEM32\wintypes.dll
0x00007ffda8f20000 - 0x00007ffda902a000 	C:\WINDOWS\System32\SHCORE.dll
0x00007ffda6d60000 - 0x00007ffda6dbe000 	C:\WINDOWS\System32\shlwapi.dll
0x00007ffda6250000 - 0x00007ffda627b000 	C:\WINDOWS\SYSTEM32\profapi.dll
0x00007ffd77010000 - 0x00007ffd77028000 	c:\Users\Sev\.vscode\extensions\redhat.java-1.40.0-win32-x64\jre\21.0.6-win32-x86_64\bin\zip.dll
0x00007ffd7cf10000 - 0x00007ffd7cf20000 	C:\Users\Sev\.vscode\extensions\redhat.java-1.40.0-win32-x64\jre\21.0.6-win32-x86_64\bin\net.dll
0x00007ffda2e40000 - 0x00007ffda2f6c000 	C:\WINDOWS\SYSTEM32\WINHTTP.dll
0x00007ffda57c0000 - 0x00007ffda582a000 	C:\WINDOWS\system32\mswsock.dll
0x00007ffd71780000 - 0x00007ffd71796000 	C:\Users\Sev\.vscode\extensions\redhat.java-1.40.0-win32-x64\jre\21.0.6-win32-x86_64\bin\nio.dll
0x00007ffd71770000 - 0x00007ffd71780000 	c:\Users\Sev\.vscode\extensions\redhat.java-1.40.0-win32-x64\jre\21.0.6-win32-x86_64\bin\verify.dll
0x00007ffd3d680000 - 0x00007ffd3d6c5000 	C:\Users\Sev\AppData\Roaming\Code\User\globalStorage\redhat.java\1.40.0\config_win\org.eclipse.equinox.launcher\org.eclipse.equinox.launcher.win32.win32.x86_64_1.2.1200.v20250212-0927\eclipse_11909.dll
0x00007ffda6dd0000 - 0x00007ffda6f71000 	C:\WINDOWS\System32\ole32.dll
0x00007ffda5a40000 - 0x00007ffda5a5b000 	C:\WINDOWS\SYSTEM32\CRYPTSP.dll
0x00007ffda5290000 - 0x00007ffda52c5000 	C:\WINDOWS\system32\rsaenh.dll
0x00007ffda58d0000 - 0x00007ffda58f8000 	C:\WINDOWS\SYSTEM32\USERENV.dll
0x00007ffda5a30000 - 0x00007ffda5a3c000 	C:\WINDOWS\SYSTEM32\CRYPTBASE.dll
0x00007ffda4d90000 - 0x00007ffda4dbd000 	C:\WINDOWS\SYSTEM32\IPHLPAPI.DLL
0x00007ffda85d0000 - 0x00007ffda85d9000 	C:\WINDOWS\System32\NSI.dll
0x00007ffd77850000 - 0x00007ffd77899000 	C:\Users\Sev\AppData\Local\Temp\jna-83012\jna2442109361979937740.dll
0x00007ffda8d60000 - 0x00007ffda8d68000 	C:\WINDOWS\System32\PSAPI.DLL
0x00007ffda21c0000 - 0x00007ffda21d9000 	C:\WINDOWS\SYSTEM32\dhcpcsvc6.DLL
0x00007ffda1fd0000 - 0x00007ffda1fef000 	C:\WINDOWS\SYSTEM32\dhcpcsvc.DLL
0x00007ffd9b1b0000 - 0x00007ffd9b1b9000 	C:\Users\Sev\.vscode\extensions\redhat.java-1.40.0-win32-x64\jre\21.0.6-win32-x86_64\bin\extnet.dll

dbghelp: loaded successfully - version: 4.0.5 - missing functions: none
symbol engine: initialized successfully - sym options: 0x614 - pdb path: .;c:\Users\Sev\.vscode\extensions\redhat.java-1.40.0-win32-x64\jre\21.0.6-win32-x86_64\bin;C:\WINDOWS\SYSTEM32;C:\WINDOWS\WinSxS\amd64_microsoft.windows.common-controls_6595b64144ccf1df_6.0.22621.4830_none_270fe7d773858e80;c:\Users\Sev\.vscode\extensions\redhat.java-1.40.0-win32-x64\jre\21.0.6-win32-x86_64\bin\server;C:\Users\Sev\AppData\Roaming\Code\User\globalStorage\redhat.java\1.40.0\config_win\org.eclipse.equinox.launcher\org.eclipse.equinox.launcher.win32.win32.x86_64_1.2.1200.v20250212-0927;C:\Users\Sev\AppData\Local\Temp\jna-83012

VM Arguments:
jvm_args: --add-modules=ALL-SYSTEM --add-opens=java.base/java.util=ALL-UNNAMED --add-opens=java.base/java.lang=ALL-UNNAMED --add-opens=java.base/sun.nio.fs=ALL-UNNAMED -Declipse.application=org.eclipse.jdt.ls.core.id1 -Dosgi.bundles.defaultStartLevel=4 -Declipse.product=org.eclipse.jdt.ls.core.product -Djava.import.generatesMetadataFilesAtProjectRoot=false -DDetectVMInstallationsJob.disabled=true -Dfile.encoding=utf8 -XX:+UseParallelGC -XX:GCTimeRatio=4 -XX:AdaptiveSizePolicyWeight=90 -Dsun.zip.disableMemoryMapping=true -Xmx1G -Xms100m -Xlog:disable -javaagent:c:\Users\Sev\.vscode\extensions\redhat.java-1.40.0-win32-x64\lombok\lombok-1.18.36.jar -XX:+HeapDumpOnOutOfMemoryError -XX:HeapDumpPath=c:\Users\Sev\AppData\Roaming\Code\User\workspaceStorage\a883fd186e3dac3d63d4ce76da5857c8\redhat.java -Daether.dependencyCollector.impl=bf 
java_command: c:\Users\Sev\.vscode\extensions\redhat.java-1.40.0-win32-x64\server\plugins\org.eclipse.equinox.launcher_1.6.1000.v20250131-0606.jar -configuration c:\Users\Sev\AppData\Roaming\Code\User\globalStorage\redhat.java\1.40.0\config_win -data c:\Users\Sev\AppData\Roaming\Code\User\workspaceStorage\a883fd186e3dac3d63d4ce76da5857c8\redhat.java\jdt_ws --pipe=\\.\pipe\lsp-c35a015e29327d206ef26c5e545780d5-sock
java_class_path (initial): c:\Users\Sev\.vscode\extensions\redhat.java-1.40.0-win32-x64\server\plugins\org.eclipse.equinox.launcher_1.6.1000.v20250131-0606.jar
Launcher Type: SUN_STANDARD

[Global flags]
    uintx AdaptiveSizePolicyWeight                 = 90                                        {product} {command line}
     intx CICompilerCount                          = 12                                        {product} {ergonomic}
    uintx GCTimeRatio                              = 4                                         {product} {command line}
     bool HeapDumpOnOutOfMemoryError               = true                                   {manageable} {command line}
    ccstr HeapDumpPath                             = c:\Users\Sev\AppData\Roaming\Code\User\workspaceStorage\a883fd186e3dac3d63d4ce76da5857c8\redhat.java         {manageable} {command line}
   size_t InitialHeapSize                          = 104857600                                 {product} {command line}
   size_t MaxHeapSize                              = 1073741824                                {product} {command line}
   size_t MaxNewSize                               = 357564416                                 {product} {ergonomic}
   size_t MinHeapDeltaBytes                        = 524288                                    {product} {ergonomic}
   size_t MinHeapSize                              = 104857600                                 {product} {command line}
   size_t NewSize                                  = 34603008                                  {product} {ergonomic}
    uintx NonNMethodCodeHeapSize                   = 7602480                                {pd product} {ergonomic}
    uintx NonProfiledCodeHeapSize                  = 122027880                              {pd product} {ergonomic}
   size_t OldSize                                  = 70254592                                  {product} {ergonomic}
    uintx ProfiledCodeHeapSize                     = 122027880                              {pd product} {ergonomic}
    uintx ReservedCodeCacheSize                    = 251658240                              {pd product} {ergonomic}
     bool SegmentedCodeCache                       = true                                      {product} {ergonomic}
   size_t SoftMaxHeapSize                          = 1073741824                             {manageable} {ergonomic}
     bool UseCompressedOops                        = true                           {product lp64_product} {ergonomic}
     bool UseLargePagesIndividualAllocation        = false                                  {pd product} {ergonomic}
     bool UseParallelGC                            = true                                      {product} {command line}

Logging:
Log output configuration:
 #0: stdout all=off uptime,level,tags foldmultilines=false
 #1: stderr all=off uptime,level,tags foldmultilines=false

Environment Variables:
PATH=C:\Program Files\Common Files\Oracle\Java\javapath;C:\Program Files\Eclipse Adoptium\jdk-17.0.10.7-hotspot\bin;C:\Program Files (x86)\Common Files\Oracle\Java\javapath;C:\Program Files (x86)\NVIDIA Corporation\PhysX\Common;C:\WINDOWS\system32;C:\WINDOWS;C:\WINDOWS\System32\Wbem;C:\WINDOWS\System32\WindowsPowerShell\v1.0\;C:\WINDOWS\System32\OpenSSH\;C:\TDM-GCC-32\bin;C:\Program Files\PuTTY\;C:\Program Files (x86)\Moravian Instruments\Shared\;C:\Program Files\Moravian Instruments\Shared\;C:\Program Files\dotnet\;C:\Program Files\Git\cmd;C:\Program Files (x86)\Windows Kits\10\Windows Performance Toolkit\;C:\Gradle\gradle-8.10.2\bin;C:\Program Files\Docker\Docker\resources\bin;C:\Users\Sev\AppData\Local\Programs\Python\Python312\Scripts\;C:\Users\Sev\AppData\Local\Programs\Python\Python312\;C:\Users\Sev\.cargo\bin;C:\Users\Sev\AppData\Local\Microsoft\WindowsApps;C:\Users\Sev\AppData\Local\GitHubDesktop\bin;C:\Users\Sev\AppData\Local\Programs\Microsoft VS Code\bin;C:\Program Files\CMake\bin;C:\Users\Sev\.dotnet\tools;C:\msys64\mingw64\bin;C:\Program Files (x86)\Nmap;C:\ghcup\bin
USERNAME=Sev
OS=Windows_NT
PROCESSOR_IDENTIFIER=AMD64 Family 25 Model 68 Stepping 1, AuthenticAMD
TMP=C:\Users\Sev\AppData\Local\Temp
TEMP=C:\Users\Sev\AppData\Local\Temp




Periodic native trim disabled

---------------  S Y S T E M  ---------------

OS:
 Windows 11 , 64 bit Build 22621 (10.0.22621.4830)
OS uptime: 0 days 0:13 hours
Hyper-V role detected

CPU: total 16 (initial active 16) (16 cores per cpu, 2 threads per core) family 25 model 68 stepping 1 microcode 0x0, cx8, cmov, fxsr, ht, mmx, 3dnowpref, sse, sse2, sse3, ssse3, sse4a, sse4.1, sse4.2, popcnt, lzcnt, tsc, tscinvbit, avx, avx2, aes, erms, clmul, bmi1, bmi2, adx, sha, fma, vzeroupper, clflush, clflushopt, hv, rdtscp, rdpid, fsrm, f16c, cet_ss
Processor Information for the first 16 processors :
  Max Mhz: 3301, Current Mhz: 2498, Mhz Limit: 3301

Memory: 4k page, system-wide physical 15596M (5321M free)
TotalPageFile size 28908M (AvailPageFile size 13015M)
current process WorkingSet (physical memory assigned to process): 959M, peak: 959M
current process commit charge ("private bytes"): 1023M, peak: 1023M

vm_info: OpenJDK 64-Bit Server VM (21.0.6+7-LTS) for windows-amd64 JRE (21.0.6+7-LTS), built on 2025-01-21T00:00:00Z by "admin" with MS VC++ 17.7 (VS2022)

END.
